<?xml version="1.0" encoding="UTF-8"?>
<!-- Generated by org.testng.reporters.JUnitReportReporter -->
<testsuite hostname="DESKTOP-LLLGMOJ" name="sampletest.Screenshot" tests="2" failures="0" timestamp="4 May 2022 03:50:05 GMT" time="21.896" errors="0">
  <testcase name="testScreenShot" time="10.991" classname="sampletest.Screenshot"/>
  <testcase name="testScreenShot2" time="10.905" classname="sampletest.Screenshot"/>
</testsuite> <!-- sampletest.Screenshot -->
