<?xml version="1.0" encoding="UTF-8"?>
<!-- Generated by org.testng.reporters.JUnitReportReporter -->
<testsuite hostname="DESKTOP-TGK7PC6" name="sampletest.Screenshot" tests="2" failures="0" timestamp="4 May 2022 08:04:53 GMT" time="24.632" errors="0">
  <testcase name="testScreenShot2" time="13.413" classname="sampletest.Screenshot"/>
  <testcase name="testScreenShot" time="11.219" classname="sampletest.Screenshot"/>
</testsuite> <!-- sampletest.Screenshot -->
