<?xml version="1.0" encoding="UTF-8"?>
<!-- Generated by org.testng.reporters.JUnitReportReporter -->
<testsuite skipped="0" hostname="DESKTOP-TGK7PC6" name="Practice1.FlipkartMenuBytestNG" tests="1" failures="0" timestamp="2022-05-03T16:09:55 IST" time="82.454" errors="0">
  <testcase name="FlipkartMenu" time="82.454" classname="Practice1.FlipkartMenuBytestNG"/>
  <system-out/>
</testsuite> <!-- Practice1.FlipkartMenuBytestNG -->
