<?xml version="1.0" encoding="UTF-8"?>
<!-- Generated by org.testng.reporters.JUnitReportReporter -->
<testsuite skipped="0" hostname="DESKTOP-TGK7PC6" name="Practice1.OpenApplication" tests="1" failures="0" timestamp="2022-05-02T10:07:10 IST" time="39.071" errors="0">
  <testcase name="GSMArena" time="39.071" classname="Practice1.OpenApplication"/>
  <system-out/>
</testsuite> <!-- Practice1.OpenApplication -->
