<?xml version="1.0" encoding="UTF-8"?>
<!-- Generated by org.testng.reporters.JUnitReportReporter -->
<testsuite hostname="DESKTOP-LLLGMOJ" name="testscripts.TestLoginPage" tests="1" failures="0" timestamp="12 May 2022 03:44:19 GMT" time="11.559" errors="0">
  <testcase name="testVtigerLogin" time="11.559" classname="testscripts.TestLoginPage"/>
</testsuite> <!-- testscripts.TestLoginPage -->
