<?xml version="1.0" encoding="UTF-8"?>
<!-- Generated by org.testng.reporters.JUnitReportReporter -->
<testsuite hostname="DESKTOP-LLLGMOJ" name="testscripts.TestLeadsPage" tests="1" failures="0" timestamp="12 May 2022 03:40:52 GMT" time="7.664" errors="0">
  <testcase name="testLeadCreation" time="7.664" classname="testscripts.TestLeadsPage"/>
</testsuite> <!-- testscripts.TestLeadsPage -->
