<?xml version="1.0" encoding="UTF-8"?>
<!-- Generated by org.testng.reporters.JUnitReportReporter -->
<testsuite hostname="DESKTOP-LLLGMOJ" name="testscripts.TestLoginPage" tests="1" failures="0" timestamp="12 May 2022 04:01:22 GMT" time="7.143" errors="0">
  <testcase name="testVtigerLogin" time="7.143" classname="testscripts.TestLoginPage"/>
</testsuite> <!-- testscripts.TestLoginPage -->
