<?xml version="1.0" encoding="UTF-8"?>
<!-- Generated by org.testng.reporters.JUnitReportReporter -->
<testsuite hostname="DESKTOP-TGK7PC6" name="Runner.TestRunner" tests="2" failures="0" timestamp="14 May 2022 14:19:47 GMT" time="79.308" errors="0">
  <testcase name="runScenario" time="32.535" classname="Runner.TestRunner"/>
  <testcase name="runScenario" time="46.773" classname="Runner.TestRunner"/>
</testsuite> <!-- Runner.TestRunner -->
