<?xml version="1.0" encoding="UTF-8"?>
<!-- Generated by org.testng.reporters.JUnitReportReporter -->
<testsuite skipped="0" hostname="DESKTOP-TGK7PC6" name="OpenApplication" tests="1" failures="0" timestamp="2022-05-02T10:11:35 IST" time="44.703" errors="0">
  <testcase name="GSMArena" time="44.703" classname="OpenApplication"/>
  <system-out/>
</testsuite> <!-- OpenApplication -->
